"Start of log file."
"C:/Users/Mingoo/DOCUME~1/GitHub/My/Cuber/3M19D(~1/Assets/DOORPE~1.MAX"
"Starting max loading and fbx conversion"
window = undefined
"Settings units"
"Before fbx export"
"After fbx export"
"Finished max loading and fbx conversion"
"C:/Users/Mingoo/DOCUME~1/GitHub/My/Cuber/3M19D(~1/Assets/DOORPE~1.MAX"
"Starting max loading and fbx conversion"
window = undefined
"Settings units"
"Before fbx export"
"After fbx export"
"Finished max loading and fbx conversion"
"C:/Users/Mingoo/DOCUME~1/GitHub/My/Cuber/3M19D(~1/Assets/DOORPE~1.MAX"
"Starting max loading and fbx conversion"
window = undefined
"Settings units"
"Before fbx export"
"After fbx export"
"Finished max loading and fbx conversion"
"C:/Users/Mingoo/DOCUME~1/GitHub/My/Cuber/3M19D(~1/Assets/DOORPE~1.MAX"
"Starting max loading and fbx conversion"
window = undefined
"Settings units"
"Before fbx export"
"After fbx export"
"Finished max loading and fbx conversion"
"C:/Users/Mingoo/DOCUME~1/GitHub/My/Cuber/3M19D(~1/Assets/DOORPE~1.MAX"
"Starting max loading and fbx conversion"
window = undefined
"Settings units"
"Before fbx export"
"After fbx export"
"Finished max loading and fbx conversion"
